Using pre-set license
Built from '2021.3/staging' branch; Version is '2021.3.21f1 (1b156197d683) revision 1774945'; Using compiler version '192829333'; Build Type 'Release'
OS: 'Windows 10  (10.0.19045) 64bit Professional' Language: 'en' Physical Memory: 32720 MB
BatchMode: 1, IsHumanControllingUs: 0, StartBugReporterOnCrash: 0, Is64bit: 1, IsPro: 1

COMMAND LINE ARGUMENTS:
C:\Program Files\Unity\Hub\Editor\2021.3.21f1\Editor\Unity.exe
-adb2
-batchMode
-noUpm
-name
AssetImportWorker0
-projectPath
C:/Users/Student10/Documents/4016600_Unity/Security Cameras
-logFile
Logs/AssetImportWorker0.log
-srvPort
50704
Successfully changed project path to: C:/Users/Student10/Documents/4016600_Unity/Security Cameras
C:/Users/Student10/Documents/4016600_Unity/Security Cameras
[UnityMemory] Configuration Parameters - Can be set up in boot.config
    "memorysetup-bucket-allocator-granularity=16"
    "memorysetup-bucket-allocator-bucket-count=8"
    "memorysetup-bucket-allocator-block-size=33554432"
    "memorysetup-bucket-allocator-block-count=8"
    "memorysetup-main-allocator-block-size=16777216"
    "memorysetup-thread-allocator-block-size=16777216"
    "memorysetup-gfx-main-allocator-block-size=16777216"
    "memorysetup-gfx-thread-allocator-block-size=16777216"
    "memorysetup-cache-allocator-block-size=4194304"
    "memorysetup-typetree-allocator-block-size=2097152"
    "memorysetup-profiler-bucket-allocator-granularity=16"
    "memorysetup-profiler-bucket-allocator-bucket-count=8"
    "memorysetup-profiler-bucket-allocator-block-size=33554432"
    "memorysetup-profiler-bucket-allocator-block-count=8"
    "memorysetup-profiler-allocator-block-size=16777216"
    "memorysetup-profiler-editor-allocator-block-size=1048576"
    "memorysetup-temp-allocator-size-main=16777216"
    "memorysetup-job-temp-allocator-block-size=2097152"
    "memorysetup-job-temp-allocator-block-size-background=1048576"
    "memorysetup-job-temp-allocator-reduction-small-platforms=262144"
    "memorysetup-temp-allocator-size-background-worker=32768"
    "memorysetup-temp-allocator-size-job-worker=262144"
    "memorysetup-temp-allocator-size-preload-manager=33554432"
    "memorysetup-temp-allocator-size-nav-mesh-worker=65536"
    "memorysetup-temp-allocator-size-audio-worker=65536"
    "memorysetup-temp-allocator-size-cloud-worker=32768"
    "memorysetup-temp-allocator-size-gi-baking-worker=262144"
    "memorysetup-temp-allocator-size-gfx=262144"
Player connection [3740] Host "[IP] 172.21.6.18 [Port] 0 [Flags] 2 [Guid] 2754291368 [EditorId] 2754291368 [Version] 1048832 [Id] WindowsEditor(7,UWCVRIA10) [Debug] 1 [PackageName] WindowsEditor [ProjectName] Editor" joined multi-casting on [225.0.0.222:54997]...

Player connection [3740] Host "[IP] 172.21.6.18 [Port] 0 [Flags] 2 [Guid] 2754291368 [EditorId] 2754291368 [Version] 1048832 [Id] WindowsEditor(7,UWCVRIA10) [Debug] 1 [PackageName] WindowsEditor [ProjectName] Editor" joined alternative multi-casting on [225.0.0.222:34997]...

Refreshing native plugins compatible for Editor in 73.73 ms, found 3 plugins.
Preloading 0 native plugins for Editor in 0.00 ms.
Initialize engine version: 2021.3.21f1 (1b156197d683)
[Subsystems] Discovering subsystems at path C:/Program Files/Unity/Hub/Editor/2021.3.21f1/Editor/Data/Resources/UnitySubsystems
[Subsystems] Discovering subsystems at path C:/Users/Student10/Documents/4016600_Unity/Security Cameras/Assets
GfxDevice: creating device client; threaded=0; jobified=0
Direct3D:
    Version:  Direct3D 11.0 [level 11.1]
    Renderer: NVIDIA GeForce GTX 1060 3GB (ID=0x1c02)
    Vendor:   NVIDIA
    VRAM:     2988 MB
    Driver:   31.0.15.1694
Initialize mono
Mono path[0] = 'C:/Program Files/Unity/Hub/Editor/2021.3.21f1/Editor/Data/Managed'
Mono path[1] = 'C:/Program Files/Unity/Hub/Editor/2021.3.21f1/Editor/Data/MonoBleedingEdge/lib/mono/unityjit-win32'
Mono config path = 'C:/Program Files/Unity/Hub/Editor/2021.3.21f1/Editor/Data/MonoBleedingEdge/etc'
Using monoOptions --debugger-agent=transport=dt_socket,embedding=1,server=y,suspend=n,address=127.0.0.1:56988
Begin MonoManager ReloadAssembly
Registering precompiled unity dll's ...
Register platform support module: C:/Program Files/Unity/Hub/Editor/2021.3.21f1/Editor/Data/PlaybackEngines/AndroidPlayer/UnityEditor.Android.Extensions.dll
Register platform support module: C:/Program Files/Unity/Hub/Editor/2021.3.21f1/Editor/Data/PlaybackEngines/WindowsStandaloneSupport/UnityEditor.WindowsStandalone.Extensions.dll
Register platform support module: C:/Program Files/Unity/Hub/Editor/2021.3.21f1/Editor/Data/PlaybackEngines/MetroSupport/UnityEditor.UWP.Extensions.dll
Registered in 0.015027 seconds.
Native extension for UWP target not found
Native extension for WindowsStandalone target not found
Native extension for Android target not found
Android Extension - Scanning For ADB Devices 304 ms
Refreshing native plugins compatible for Editor in 70.43 ms, found 3 plugins.
Preloading 0 native plugins for Editor in 0.00 ms.
Mono: successfully reloaded assembly
- Completed reload, in  0.993 seconds
Domain Reload Profiling:
	ReloadAssembly (993ms)
		BeginReloadAssembly (90ms)
			ExecutionOrderSort (0ms)
			DisableScriptedObjects (0ms)
			BackupInstance (0ms)
			ReleaseScriptingObjects (0ms)
			CreateAndSetChildDomain (1ms)
		EndReloadAssembly (784ms)
			LoadAssemblies (89ms)
			RebuildTransferFunctionScriptingTraits (0ms)
			SetupTypeCache (129ms)
			ReleaseScriptCaches (0ms)
			RebuildScriptCaches (28ms)
			SetupLoadedEditorAssemblies (575ms)
				LogAssemblyErrors (0ms)
				InitializePlatformSupportModulesInManaged (369ms)
				SetLoadedEditorAssemblies (0ms)
				RefreshPlugins (71ms)
				BeforeProcessingInitializeOnLoad (1ms)
				ProcessInitializeOnLoadAttributes (86ms)
				ProcessInitializeOnLoadMethodAttributes (48ms)
				AfterProcessingInitializeOnLoad (0ms)
				EditorAssembliesLoaded (0ms)
			ExecutionOrderSort2 (0ms)
			AwakeInstancesAfterBackupRestoration (0ms)
Platform modules already initialized, skipping
Registering precompiled user dll's ...
Registered in 0.006262 seconds.
Begin MonoManager ReloadAssembly
Symbol file LoadedFromMemory doesn't match image C:\Users\Student10\Documents\4016600_Unity\Security Cameras\Library\PackageCache\com.unity.visualscripting@1.8.0\Editor\VisualScripting.Core\Dependencies\YamlDotNet\Unity.VisualScripting.YamlDotNet.dll
Symbol file LoadedFromMemory doesn't match image C:\Users\Student10\Documents\4016600_Unity\Security Cameras\Library\PackageCache\com.unity.visualscripting@1.8.0\Editor\VisualScripting.Core\Dependencies\DotNetZip\Unity.VisualScripting.IonicZip.dll
Native extension for UWP target not found
Native extension for WindowsStandalone target not found
Native extension for Android target not found
Refreshing native plugins compatible for Editor in 0.44 ms, found 3 plugins.
Preloading 0 native plugins for Editor in 0.00 ms.
Mono: successfully reloaded assembly
- Completed reload, in  1.009 seconds
Domain Reload Profiling:
	ReloadAssembly (1010ms)
		BeginReloadAssembly (120ms)
			ExecutionOrderSort (0ms)
			DisableScriptedObjects (5ms)
			BackupInstance (0ms)
			ReleaseScriptingObjects (0ms)
			CreateAndSetChildDomain (19ms)
		EndReloadAssembly (772ms)
			LoadAssemblies (94ms)
			RebuildTransferFunctionScriptingTraits (0ms)
			SetupTypeCache (270ms)
			ReleaseScriptCaches (1ms)
			RebuildScriptCaches (47ms)
			SetupLoadedEditorAssemblies (331ms)
				LogAssemblyErrors (0ms)
				InitializePlatformSupportModulesInManaged (19ms)
				SetLoadedEditorAssemblies (0ms)
				RefreshPlugins (1ms)
				BeforeProcessingInitializeOnLoad (81ms)
				ProcessInitializeOnLoadAttributes (201ms)
				ProcessInitializeOnLoadMethodAttributes (19ms)
				AfterProcessingInitializeOnLoad (9ms)
				EditorAssembliesLoaded (0ms)
			ExecutionOrderSort2 (0ms)
			AwakeInstancesAfterBackupRestoration (10ms)
Platform modules already initialized, skipping
========================================================================
Worker process is ready to serve import requests
Launched and connected shader compiler UnityShaderCompiler.exe after 0.05 seconds
Refreshing native plugins compatible for Editor in 0.45 ms, found 3 plugins.
Preloading 0 native plugins for Editor in 0.00 ms.
Unloading 3047 Unused Serialized files (Serialized files now loaded: 0)
Unloading 22 unused Assets / (56.5 KB). Loaded Objects now: 3512.
Memory consumption went from 107.9 MB to 107.8 MB.
Total: 2.960500 ms (FindLiveObjects: 0.248400 ms CreateObjectMapping: 0.196100 ms MarkObjects: 2.443900 ms  DeleteObjects: 0.071100 ms)

AssetImportParameters requested are different than current active one (requested -> active):
  custom:video-decoder-ogg-theora: a1e56fd34408186e4bbccfd4996cb3dc -> 
  custom:container-muxer-webm: aa71ff27fc2769a1b78a27578f13a17b -> 
  custom:container-demuxer-webm: 4f35f7cbe854078d1ac9338744f61a02 -> 
  custom:video-encoder-webm-vp8: eb34c28f22e8b96e1ab97ce403110664 -> 
  custom:audio-encoder-webm-vorbis: bf7c407c2cedff20999df2af8eb42d56 -> 
  custom:framework-win-MediaFoundation: 216162199b28c13a410421893ffa2e32 -> 
  custom:container-demuxer-ogg: 62fdf1f143b41e24485cea50d1cbac27 -> 
  custom:video-decoder-webm-vp8: 9c59270c3fd7afecdb556c50c9e8de78 -> 
  custom:audio-decoder-ogg-vorbis: bf7c407c2cedff20999df2af8eb42d56 -> 
========================================================================
Received Import Request.
  Time since last request: 55181.799327 seconds.
  path: Assets/LAB
  artifactKey: Guid(c7c8541a8cba78c4f9dd0f87d18971f0) Importer(815301076,1909f56bfc062723c751e8b465ee728b)
Start importing Assets/LAB using Guid(c7c8541a8cba78c4f9dd0f87d18971f0) Importer(815301076,1909f56bfc062723c751e8b465ee728b)  -> (artifact id: 'a882af3f2b2b2f7f84ef1a19f15ce42b') in 0.006135 seconds 
========================================================================
Received Import Request.
  Time since last request: 0.000025 seconds.
  path: Assets/LAB/LAB.fbx
  artifactKey: Guid(7c4f185a80050e6488bce67c0c987883) Importer(815301076,1909f56bfc062723c751e8b465ee728b)
Start importing Assets/LAB/LAB.fbx using Guid(7c4f185a80050e6488bce67c0c987883) Importer(815301076,1909f56bfc062723c751e8b465ee728b)  -> (artifact id: 'de287d73807bd25d0895b7bc03519837') in 8.054923 seconds 
========================================================================
Received Import Request.
  Time since last request: 237.876034 seconds.
  path: Assets/LAB/Materials
  artifactKey: Guid(0fc6810da8138304291a32ce92079376) Importer(815301076,1909f56bfc062723c751e8b465ee728b)
Start importing Assets/LAB/Materials using Guid(0fc6810da8138304291a32ce92079376) Importer(815301076,1909f56bfc062723c751e8b465ee728b)  -> (artifact id: '1c8a54b861aed3cc72209a74e76dfa6e') in 0.001568 seconds 
========================================================================
Received Import Request.
  Time since last request: 7.398372 seconds.
  path: Assets/LAB/LAB.fbm/Cover_Diff.png
  artifactKey: Guid(274331808a09b3b43bc4311cdfc48262) Importer(815301076,1909f56bfc062723c751e8b465ee728b)
Start importing Assets/LAB/LAB.fbm/Cover_Diff.png using Guid(274331808a09b3b43bc4311cdfc48262) Importer(815301076,1909f56bfc062723c751e8b465ee728b)  -> (artifact id: '6a896b803f051f3831180660cf88505e') in 0.034515 seconds 
========================================================================
Received Import Request.
  Time since last request: 0.000018 seconds.
  path: Assets/LAB/LAB.fbm/IMG_2484.jpg
  artifactKey: Guid(74f8a815b935cca44bbb7b08c99c5d98) Importer(815301076,1909f56bfc062723c751e8b465ee728b)
Start importing Assets/LAB/LAB.fbm/IMG_2484.jpg using Guid(74f8a815b935cca44bbb7b08c99c5d98) Importer(815301076,1909f56bfc062723c751e8b465ee728b)  -> (artifact id: '94d82b8051d58c1bc18384fc0e39a6ec') in 0.015552 seconds 
========================================================================
Received Import Request.
  Time since last request: 0.000028 seconds.
  path: Assets/LAB/LAB.fbm/IMG_2469.jpg
  artifactKey: Guid(4e9affe5ca5756343ac994daa4fecf9f) Importer(815301076,1909f56bfc062723c751e8b465ee728b)
Start importing Assets/LAB/LAB.fbm/IMG_2469.jpg using Guid(4e9affe5ca5756343ac994daa4fecf9f) Importer(815301076,1909f56bfc062723c751e8b465ee728b)  -> (artifact id: '0b19758b394e9f7bbb7959ec4f6d7251') in 0.012190 seconds 
========================================================================
Received Import Request.
  Time since last request: 0.000025 seconds.
  path: Assets/LAB/LAB.fbm/NormalMap (2).png
  artifactKey: Guid(02aed1b5eb943ce4896a210fc6cb16f5) Importer(815301076,1909f56bfc062723c751e8b465ee728b)
Start importing Assets/LAB/LAB.fbm/NormalMap (2).png using Guid(02aed1b5eb943ce4896a210fc6cb16f5) Importer(815301076,1909f56bfc062723c751e8b465ee728b)  -> (artifact id: '4a26ca18b78956857c2768d907984c0d') in 0.017059 seconds 
========================================================================
Received Import Request.
  Time since last request: 0.000018 seconds.
  path: Assets/LAB/LAB.fbm/door.jpg
  artifactKey: Guid(1467bf779fc55544d9c2dd5248207c07) Importer(815301076,1909f56bfc062723c751e8b465ee728b)
Start importing Assets/LAB/LAB.fbm/door.jpg using Guid(1467bf779fc55544d9c2dd5248207c07) Importer(815301076,1909f56bfc062723c751e8b465ee728b)  -> (artifact id: '82d37af583ea2105704ff23a9441c619') in 0.008613 seconds 
========================================================================
Received Import Request.
  Time since last request: 0.000023 seconds.
  path: Assets/LAB/LAB.fbm/WINDOW.jpg
  artifactKey: Guid(b51ca8e3b779dfa4590bab8624cb5a59) Importer(815301076,1909f56bfc062723c751e8b465ee728b)
Start importing Assets/LAB/LAB.fbm/WINDOW.jpg using Guid(b51ca8e3b779dfa4590bab8624cb5a59) Importer(815301076,1909f56bfc062723c751e8b465ee728b)  -> (artifact id: '2807d3c2f1eb578faed11c2abf1cc035') in 0.007544 seconds 
========================================================================
Received Import Request.
  Time since last request: 0.000027 seconds.
  path: Assets/LAB/LAB.fbm/Windows_ALPHA.jpg
  artifactKey: Guid(a9d507bac9810e4478d19464f9f02818) Importer(815301076,1909f56bfc062723c751e8b465ee728b)
Start importing Assets/LAB/LAB.fbm/Windows_ALPHA.jpg using Guid(a9d507bac9810e4478d19464f9f02818) Importer(815301076,1909f56bfc062723c751e8b465ee728b)  -> (artifact id: '4d9e75af9fea4decc2847ea010439434') in 0.011446 seconds 
========================================================================
Received Import Request.
  Time since last request: 0.000019 seconds.
  path: Assets/LAB/LAB.fbm/Window_Alpha.jpg
  artifactKey: Guid(41b9cfdff257737489f5545abc58ce74) Importer(815301076,1909f56bfc062723c751e8b465ee728b)
Start importing Assets/LAB/LAB.fbm/Window_Alpha.jpg using Guid(41b9cfdff257737489f5545abc58ce74) Importer(815301076,1909f56bfc062723c751e8b465ee728b)  -> (artifact id: '8caf73b17fc6bfca0ffd01b16fe17771') in 0.011771 seconds 
========================================================================
Received Import Request.
  Time since last request: 0.000044 seconds.
  path: Assets/LAB/LAB.fbm/NormalMap (1).png
  artifactKey: Guid(34eed68f8d0167149b01fb6bda868cc7) Importer(815301076,1909f56bfc062723c751e8b465ee728b)
Start importing Assets/LAB/LAB.fbm/NormalMap (1).png using Guid(34eed68f8d0167149b01fb6bda868cc7) Importer(815301076,1909f56bfc062723c751e8b465ee728b)  -> (artifact id: 'f6e7ff119e25ce439bd7f24c6d294f2c') in 0.009536 seconds 
========================================================================
Received Import Request.
  Time since last request: 0.000035 seconds.
  path: Assets/LAB/LAB.fbm/Lockers_Diff.png
  artifactKey: Guid(c138bcf99f73ad944a32748137011616) Importer(815301076,1909f56bfc062723c751e8b465ee728b)
Start importing Assets/LAB/LAB.fbm/Lockers_Diff.png using Guid(c138bcf99f73ad944a32748137011616) Importer(815301076,1909f56bfc062723c751e8b465ee728b)  -> (artifact id: '9b68906635ef34b43d0259e7b623cd7c') in 0.007720 seconds 
========================================================================
Received Import Request.
  Time since last request: 0.000025 seconds.
  path: Assets/LAB/LAB.fbm/IMG_2470.jpg
  artifactKey: Guid(97e57e6b3f77dd14191cdfe8d94d514b) Importer(815301076,1909f56bfc062723c751e8b465ee728b)
Start importing Assets/LAB/LAB.fbm/IMG_2470.jpg using Guid(97e57e6b3f77dd14191cdfe8d94d514b) Importer(815301076,1909f56bfc062723c751e8b465ee728b)  -> (artifact id: '19dcb424529a2ab0443c71cd67ebb9b4') in 0.008745 seconds 
========================================================================
Received Import Request.
  Time since last request: 2.119026 seconds.
  path: Assets/LAB/LAB.fbm/1
  artifactKey: Guid(9b6f2b719c7aba841b53ea21210429f8) Importer(815301076,1909f56bfc062723c751e8b465ee728b)
Start importing Assets/LAB/LAB.fbm/1 using Guid(9b6f2b719c7aba841b53ea21210429f8) Importer(815301076,1909f56bfc062723c751e8b465ee728b)  -> (artifact id: 'af22d3d614584ad6101e0f5c011bde13') in 0.001510 seconds 
========================================================================
Received Import Request.
  Time since last request: 0.057061 seconds.
  path: Assets/LAB/LAB.fbm/1/NormalMap.png
  artifactKey: Guid(a6027b94efe1a724ea6282271e7fdccb) Importer(815301076,1909f56bfc062723c751e8b465ee728b)
Start importing Assets/LAB/LAB.fbm/1/NormalMap.png using Guid(a6027b94efe1a724ea6282271e7fdccb) Importer(815301076,1909f56bfc062723c751e8b465ee728b)  -> (artifact id: 'f138210a04f670b31a1f9ce58278a478') in 0.007389 seconds 
