Using pre-set license
Built from '2021.3/staging' branch; Version is '2021.3.21f1 (1b156197d683) revision 1774945'; Using compiler version '192829333'; Build Type 'Release'
OS: 'Windows 10  (10.0.19045) 64bit Professional' Language: 'en' Physical Memory: 32720 MB
BatchMode: 1, IsHumanControllingUs: 0, StartBugReporterOnCrash: 0, Is64bit: 1, IsPro: 1

COMMAND LINE ARGUMENTS:
C:\Program Files\Unity\Hub\Editor\2021.3.21f1\Editor\Unity.exe
-adb2
-batchMode
-noUpm
-name
AssetImportWorker0
-projectPath
C:/Users/Student10/Documents/4016600_Unity/Security Cameras
-logFile
Logs/AssetImportWorker0.log
-srvPort
50193
Successfully changed project path to: C:/Users/Student10/Documents/4016600_Unity/Security Cameras
C:/Users/Student10/Documents/4016600_Unity/Security Cameras
[UnityMemory] Configuration Parameters - Can be set up in boot.config
    "memorysetup-bucket-allocator-granularity=16"
    "memorysetup-bucket-allocator-bucket-count=8"
    "memorysetup-bucket-allocator-block-size=33554432"
    "memorysetup-bucket-allocator-block-count=8"
    "memorysetup-main-allocator-block-size=16777216"
    "memorysetup-thread-allocator-block-size=16777216"
    "memorysetup-gfx-main-allocator-block-size=16777216"
    "memorysetup-gfx-thread-allocator-block-size=16777216"
    "memorysetup-cache-allocator-block-size=4194304"
    "memorysetup-typetree-allocator-block-size=2097152"
    "memorysetup-profiler-bucket-allocator-granularity=16"
    "memorysetup-profiler-bucket-allocator-bucket-count=8"
    "memorysetup-profiler-bucket-allocator-block-size=33554432"
    "memorysetup-profiler-bucket-allocator-block-count=8"
    "memorysetup-profiler-allocator-block-size=16777216"
    "memorysetup-profiler-editor-allocator-block-size=1048576"
    "memorysetup-temp-allocator-size-main=16777216"
    "memorysetup-job-temp-allocator-block-size=2097152"
    "memorysetup-job-temp-allocator-block-size-background=1048576"
    "memorysetup-job-temp-allocator-reduction-small-platforms=262144"
    "memorysetup-temp-allocator-size-background-worker=32768"
    "memorysetup-temp-allocator-size-job-worker=262144"
    "memorysetup-temp-allocator-size-preload-manager=33554432"
    "memorysetup-temp-allocator-size-nav-mesh-worker=65536"
    "memorysetup-temp-allocator-size-audio-worker=65536"
    "memorysetup-temp-allocator-size-cloud-worker=32768"
    "memorysetup-temp-allocator-size-gi-baking-worker=262144"
    "memorysetup-temp-allocator-size-gfx=262144"
Player connection [3232] Host "[IP] 172.21.6.18 [Port] 0 [Flags] 2 [Guid] 2476734372 [EditorId] 2476734372 [Version] 1048832 [Id] WindowsEditor(7,UWCVRIA10) [Debug] 1 [PackageName] WindowsEditor [ProjectName] Editor" joined multi-casting on [225.0.0.222:54997]...

Player connection [3232] Host "[IP] 172.21.6.18 [Port] 0 [Flags] 2 [Guid] 2476734372 [EditorId] 2476734372 [Version] 1048832 [Id] WindowsEditor(7,UWCVRIA10) [Debug] 1 [PackageName] WindowsEditor [ProjectName] Editor" joined alternative multi-casting on [225.0.0.222:34997]...

Refreshing native plugins compatible for Editor in 110.52 ms, found 3 plugins.
Preloading 0 native plugins for Editor in 0.00 ms.
Initialize engine version: 2021.3.21f1 (1b156197d683)
[Subsystems] Discovering subsystems at path C:/Program Files/Unity/Hub/Editor/2021.3.21f1/Editor/Data/Resources/UnitySubsystems
[Subsystems] Discovering subsystems at path C:/Users/Student10/Documents/4016600_Unity/Security Cameras/Assets
GfxDevice: creating device client; threaded=0; jobified=0
Direct3D:
    Version:  Direct3D 11.0 [level 11.1]
    Renderer: NVIDIA GeForce GTX 1060 3GB (ID=0x1c02)
    Vendor:   NVIDIA
    VRAM:     2988 MB
    Driver:   31.0.15.1694
Initialize mono
Mono path[0] = 'C:/Program Files/Unity/Hub/Editor/2021.3.21f1/Editor/Data/Managed'
Mono path[1] = 'C:/Program Files/Unity/Hub/Editor/2021.3.21f1/Editor/Data/MonoBleedingEdge/lib/mono/unityjit-win32'
Mono config path = 'C:/Program Files/Unity/Hub/Editor/2021.3.21f1/Editor/Data/MonoBleedingEdge/etc'
Using monoOptions --debugger-agent=transport=dt_socket,embedding=1,server=y,suspend=n,address=127.0.0.1:56764
Begin MonoManager ReloadAssembly
Registering precompiled unity dll's ...
Register platform support module: C:/Program Files/Unity/Hub/Editor/2021.3.21f1/Editor/Data/PlaybackEngines/AndroidPlayer/UnityEditor.Android.Extensions.dll
Register platform support module: C:/Program Files/Unity/Hub/Editor/2021.3.21f1/Editor/Data/PlaybackEngines/WindowsStandaloneSupport/UnityEditor.WindowsStandalone.Extensions.dll
Register platform support module: C:/Program Files/Unity/Hub/Editor/2021.3.21f1/Editor/Data/PlaybackEngines/MetroSupport/UnityEditor.UWP.Extensions.dll
Registered in 0.010784 seconds.
Native extension for UWP target not found
Native extension for WindowsStandalone target not found
Native extension for Android target not found
Android Extension - Scanning For ADB Devices 363 ms
Refreshing native plugins compatible for Editor in 75.80 ms, found 3 plugins.
Preloading 0 native plugins for Editor in 0.00 ms.
Mono: successfully reloaded assembly
- Completed reload, in  1.089 seconds
Domain Reload Profiling:
	ReloadAssembly (1090ms)
		BeginReloadAssembly (108ms)
			ExecutionOrderSort (0ms)
			DisableScriptedObjects (0ms)
			BackupInstance (0ms)
			ReleaseScriptingObjects (0ms)
			CreateAndSetChildDomain (1ms)
		EndReloadAssembly (867ms)
			LoadAssemblies (107ms)
			RebuildTransferFunctionScriptingTraits (0ms)
			SetupTypeCache (115ms)
			ReleaseScriptCaches (0ms)
			RebuildScriptCaches (32ms)
			SetupLoadedEditorAssemblies (666ms)
				LogAssemblyErrors (0ms)
				InitializePlatformSupportModulesInManaged (453ms)
				SetLoadedEditorAssemblies (0ms)
				RefreshPlugins (76ms)
				BeforeProcessingInitializeOnLoad (1ms)
				ProcessInitializeOnLoadAttributes (85ms)
				ProcessInitializeOnLoadMethodAttributes (51ms)
				AfterProcessingInitializeOnLoad (0ms)
				EditorAssembliesLoaded (0ms)
			ExecutionOrderSort2 (0ms)
			AwakeInstancesAfterBackupRestoration (0ms)
Platform modules already initialized, skipping
Registering precompiled user dll's ...
Registered in 0.006196 seconds.
Begin MonoManager ReloadAssembly
Symbol file LoadedFromMemory doesn't match image C:\Users\Student10\Documents\4016600_Unity\Security Cameras\Library\PackageCache\com.unity.visualscripting@1.8.0\Editor\VisualScripting.Core\Dependencies\YamlDotNet\Unity.VisualScripting.YamlDotNet.dll
Symbol file LoadedFromMemory doesn't match image C:\Users\Student10\Documents\4016600_Unity\Security Cameras\Library\PackageCache\com.unity.visualscripting@1.8.0\Editor\VisualScripting.Core\Dependencies\DotNetZip\Unity.VisualScripting.IonicZip.dll
Native extension for UWP target not found
Native extension for WindowsStandalone target not found
Native extension for Android target not found
Refreshing native plugins compatible for Editor in 0.48 ms, found 3 plugins.
Preloading 0 native plugins for Editor in 0.00 ms.
Mono: successfully reloaded assembly
- Completed reload, in  1.079 seconds
Domain Reload Profiling:
	ReloadAssembly (1080ms)
		BeginReloadAssembly (128ms)
			ExecutionOrderSort (0ms)
			DisableScriptedObjects (5ms)
			BackupInstance (0ms)
			ReleaseScriptingObjects (0ms)
			CreateAndSetChildDomain (19ms)
		EndReloadAssembly (839ms)
			LoadAssemblies (103ms)
			RebuildTransferFunctionScriptingTraits (0ms)
			SetupTypeCache (276ms)
			ReleaseScriptCaches (1ms)
			RebuildScriptCaches (48ms)
			SetupLoadedEditorAssemblies (383ms)
				LogAssemblyErrors (0ms)
				InitializePlatformSupportModulesInManaged (26ms)
				SetLoadedEditorAssemblies (0ms)
				RefreshPlugins (1ms)
				BeforeProcessingInitializeOnLoad (100ms)
				ProcessInitializeOnLoadAttributes (228ms)
				ProcessInitializeOnLoadMethodAttributes (18ms)
				AfterProcessingInitializeOnLoad (9ms)
				EditorAssembliesLoaded (0ms)
			ExecutionOrderSort2 (0ms)
			AwakeInstancesAfterBackupRestoration (7ms)
Platform modules already initialized, skipping
========================================================================
Worker process is ready to serve import requests
Launched and connected shader compiler UnityShaderCompiler.exe after 0.05 seconds
Refreshing native plugins compatible for Editor in 0.79 ms, found 3 plugins.
Preloading 0 native plugins for Editor in 0.00 ms.
Unloading 3047 Unused Serialized files (Serialized files now loaded: 0)
Unloading 22 unused Assets / (56.5 KB). Loaded Objects now: 3512.
Memory consumption went from 107.9 MB to 107.8 MB.
Total: 2.720100 ms (FindLiveObjects: 0.244300 ms CreateObjectMapping: 0.171400 ms MarkObjects: 2.236100 ms  DeleteObjects: 0.067500 ms)

AssetImportParameters requested are different than current active one (requested -> active):
  custom:video-decoder-ogg-theora: a1e56fd34408186e4bbccfd4996cb3dc -> 
  custom:container-muxer-webm: aa71ff27fc2769a1b78a27578f13a17b -> 
  custom:container-demuxer-webm: 4f35f7cbe854078d1ac9338744f61a02 -> 
  custom:video-encoder-webm-vp8: eb34c28f22e8b96e1ab97ce403110664 -> 
  custom:audio-encoder-webm-vorbis: bf7c407c2cedff20999df2af8eb42d56 -> 
  custom:framework-win-MediaFoundation: 216162199b28c13a410421893ffa2e32 -> 
  custom:container-demuxer-ogg: 62fdf1f143b41e24485cea50d1cbac27 -> 
  custom:video-decoder-webm-vp8: 9c59270c3fd7afecdb556c50c9e8de78 -> 
  custom:audio-decoder-ogg-vorbis: bf7c407c2cedff20999df2af8eb42d56 -> 
========================================================================
Received Import Request.
  Time since last request: 1102.636700 seconds.
  path: Assets/LAB/Materials/Desk_diff.mat
  artifactKey: Guid(d4cf5bdd7029d2a4d88b0e9344b98a34) Importer(815301076,1909f56bfc062723c751e8b465ee728b)
Start importing Assets/LAB/Materials/Desk_diff.mat using Guid(d4cf5bdd7029d2a4d88b0e9344b98a34) Importer(815301076,1909f56bfc062723c751e8b465ee728b)  -> (artifact id: '6575c1ba6c7ac0bc9526c9c1b20ea139') in 0.214257 seconds 
========================================================================
Received Import Request.
  Time since last request: 0.000022 seconds.
  path: Assets/LAB/Materials/Keyboard_MAT.mat
  artifactKey: Guid(0e197ec54067d944483aa3af043359d7) Importer(815301076,1909f56bfc062723c751e8b465ee728b)
Start importing Assets/LAB/Materials/Keyboard_MAT.mat using Guid(0e197ec54067d944483aa3af043359d7) Importer(815301076,1909f56bfc062723c751e8b465ee728b)  -> (artifact id: 'f2185f62bcc079cecd437c19a5d3898d') in 0.010927 seconds 
========================================================================
Received Import Request.
  Time since last request: 0.000034 seconds.
  path: Assets/LAB/Materials/GREY.mat
  artifactKey: Guid(1eafeb6aaec900341be0e7498cddb1c1) Importer(815301076,1909f56bfc062723c751e8b465ee728b)
Start importing Assets/LAB/Materials/GREY.mat using Guid(1eafeb6aaec900341be0e7498cddb1c1) Importer(815301076,1909f56bfc062723c751e8b465ee728b)  -> (artifact id: 'b0cb4d146a483b8296f49df16400bd6c') in 0.012904 seconds 
========================================================================
Received Import Request.
  Time since last request: 0.000029 seconds.
  path: Assets/LAB/Materials/Lockers_Diff.mat
  artifactKey: Guid(321027f1054bde34a8d184eb28858f36) Importer(815301076,1909f56bfc062723c751e8b465ee728b)
Start importing Assets/LAB/Materials/Lockers_Diff.mat using Guid(321027f1054bde34a8d184eb28858f36) Importer(815301076,1909f56bfc062723c751e8b465ee728b)  -> (artifact id: '0a31c9baf464006132c565504525f95d') in 0.008858 seconds 
========================================================================
Received Import Request.
  Time since last request: 0.000017 seconds.
  path: Assets/LAB/Materials/BLACK.mat
  artifactKey: Guid(c99fd21b824e2ab4291a8f6a2452cd04) Importer(815301076,1909f56bfc062723c751e8b465ee728b)
Start importing Assets/LAB/Materials/BLACK.mat using Guid(c99fd21b824e2ab4291a8f6a2452cd04) Importer(815301076,1909f56bfc062723c751e8b465ee728b)  -> (artifact id: '4706f438a30f1c726134dd65fd27c762') in 0.009480 seconds 
========================================================================
Received Import Request.
  Time since last request: 0.000020 seconds.
  path: Assets/LAB/Materials/Chair_MAT.mat
  artifactKey: Guid(f112fee6a9975a14a805c0f87f4148ff) Importer(815301076,1909f56bfc062723c751e8b465ee728b)
Start importing Assets/LAB/Materials/Chair_MAT.mat using Guid(f112fee6a9975a14a805c0f87f4148ff) Importer(815301076,1909f56bfc062723c751e8b465ee728b)  -> (artifact id: '21a32e02088ab1087106b5c55868a4cb') in 0.007616 seconds 
========================================================================
Received Import Request.
  Time since last request: 0.000017 seconds.
  path: Assets/LAB/Materials/BLUEISH GREY.mat
  artifactKey: Guid(8ea3528eeebb384449eabb7142cf7ef0) Importer(815301076,1909f56bfc062723c751e8b465ee728b)
Start importing Assets/LAB/Materials/BLUEISH GREY.mat using Guid(8ea3528eeebb384449eabb7142cf7ef0) Importer(815301076,1909f56bfc062723c751e8b465ee728b)  -> (artifact id: '71bb827d40a6eb66c826876cf20fc655') in 0.006990 seconds 
========================================================================
Received Import Request.
  Time since last request: 0.000017 seconds.
  path: Assets/LAB/Materials/IMG_2470.mat
  artifactKey: Guid(ec0a2a16659992744b8cb41a564bc335) Importer(815301076,1909f56bfc062723c751e8b465ee728b)
Start importing Assets/LAB/Materials/IMG_2470.mat using Guid(ec0a2a16659992744b8cb41a564bc335) Importer(815301076,1909f56bfc062723c751e8b465ee728b)  -> (artifact id: '22cbd5a6b0602a619cb28ade7c0c8710') in 0.015102 seconds 
========================================================================
Received Import Request.
  Time since last request: 0.000030 seconds.
  path: Assets/LAB/Materials/Desk_MAT.mat
  artifactKey: Guid(42aa3ebde5853ea46bb3ebaf9d77e860) Importer(815301076,1909f56bfc062723c751e8b465ee728b)
Start importing Assets/LAB/Materials/Desk_MAT.mat using Guid(42aa3ebde5853ea46bb3ebaf9d77e860) Importer(815301076,1909f56bfc062723c751e8b465ee728b)  -> (artifact id: 'f97d701f725b778161099d85efd73801') in 0.008168 seconds 
========================================================================
Received Import Request.
  Time since last request: 0.000019 seconds.
  path: Assets/LAB/Materials/Windows_Middle.mat
  artifactKey: Guid(8d1288da256268747b59701464da9569) Importer(815301076,1909f56bfc062723c751e8b465ee728b)
Start importing Assets/LAB/Materials/Windows_Middle.mat using Guid(8d1288da256268747b59701464da9569) Importer(815301076,1909f56bfc062723c751e8b465ee728b)  -> (artifact id: '94945a8cc44114d458af05980fba17e1') in 0.013188 seconds 
========================================================================
Received Import Request.
  Time since last request: 0.000020 seconds.
  path: Assets/LAB/Materials/No Name.mat
  artifactKey: Guid(6dfabef6c7ad87249be9df3bdd6d2b6d) Importer(815301076,1909f56bfc062723c751e8b465ee728b)
Start importing Assets/LAB/Materials/No Name.mat using Guid(6dfabef6c7ad87249be9df3bdd6d2b6d) Importer(815301076,1909f56bfc062723c751e8b465ee728b)  -> (artifact id: '2eb3319a1965188458959d866d444b99') in 0.008090 seconds 
========================================================================
Received Import Request.
  Time since last request: 25.548672 seconds.
  path: Assets/Scenes/SampleScene.unity
  artifactKey: Guid(9fc0d4010bbf28b4594072e72b8655ab) Importer(815301076,1909f56bfc062723c751e8b465ee728b)
Start importing Assets/Scenes/SampleScene.unity using Guid(9fc0d4010bbf28b4594072e72b8655ab) Importer(815301076,1909f56bfc062723c751e8b465ee728b)  -> (artifact id: 'dc02196f335831665f7802616274e2c7') in 0.001454 seconds 
